0 info it worked if it ends with ok
1 verbose cli [ '/usr/bin/node', '/usr/bin/npm', 'run', 'sass' ]
2 info using npm@3.10.10
3 info using node@v6.11.1
4 verbose run-script [ 'presass', 'sass', 'postsass' ]
5 info lifecycle optimalvibes@1.0.0~presass: optimalvibes@1.0.0
6 silly lifecycle optimalvibes@1.0.0~presass: no script for presass, continuing
7 info lifecycle optimalvibes@1.0.0~sass: optimalvibes@1.0.0
8 verbose lifecycle optimalvibes@1.0.0~sass: unsafe-perm in lifecycle true
9 verbose lifecycle optimalvibes@1.0.0~sass: PATH: /usr/lib/node_modules/npm/bin/node-gyp-bin:/var/www/html/optimalvibes/node_modules/.bin:/usr/local/rvm/gems/ruby-1.9.3-p448/bin:/usr/local/rvm/gems/ruby-1.9.3-p448@global/bin:/usr/local/rvm/rubies/ruby-1.9.3-p448/bin:/usr/local/sbin:/usr/local/bin:/usr/sbin:/usr/bin:/usr/local/rvm/bin
10 verbose lifecycle optimalvibes@1.0.0~sass: CWD: /var/www/html/optimalvibes
11 silly lifecycle optimalvibes@1.0.0~sass: Args: [ '-c',
11 silly lifecycle   'sass --watch client/static/styles/scss/bundled.scss:client/static/styles/css/bundled.css' ]
12 info lifecycle optimalvibes@1.0.0~sass: Failed to exec sass script
13 verbose stack Error: optimalvibes@1.0.0 sass: `sass --watch client/static/styles/scss/bundled.scss:client/static/styles/css/bundled.css`
13 verbose stack spawn ENOENT
13 verbose stack     at ChildProcess.<anonymous> (/usr/lib/node_modules/npm/lib/utils/spawn.js:33:16)
13 verbose stack     at emitTwo (events.js:106:13)
13 verbose stack     at ChildProcess.emit (events.js:191:7)
13 verbose stack     at maybeClose (internal/child_process.js:891:16)
13 verbose stack     at Process.ChildProcess._handle.onexit (internal/child_process.js:226:5)
14 verbose pkgid optimalvibes@1.0.0
15 verbose cwd /var/www/html/optimalvibes
16 error Linux 3.10.0-514.26.2.el7.x86_64
17 error argv "/usr/bin/node" "/usr/bin/npm" "run" "sass"
18 error node v6.11.1
19 error npm  v3.10.10
20 error file sh
21 error code ELIFECYCLE
22 error errno ENOENT
23 error syscall spawn
24 error optimalvibes@1.0.0 sass: `sass --watch client/static/styles/scss/bundled.scss:client/static/styles/css/bundled.css`
24 error spawn ENOENT
25 error Failed at the optimalvibes@1.0.0 sass script 'sass --watch client/static/styles/scss/bundled.scss:client/static/styles/css/bundled.css'.
25 error Make sure you have the latest version of node.js and npm installed.
25 error If you do, this is most likely a problem with the optimalvibes package,
25 error not with npm itself.
25 error Tell the author that this fails on your system:
25 error     sass --watch client/static/styles/scss/bundled.scss:client/static/styles/css/bundled.css
25 error You can get information on how to open an issue for this project with:
25 error     npm bugs optimalvibes
25 error Or if that isn't available, you can get their info via:
25 error     npm owner ls optimalvibes
25 error There is likely additional logging output above.
26 verbose exit [ 1, true ]
